TN:
SF:src/modules/categories/domain/category-id.vo.ts
FNF:0
FNH:0
DA:1,1
DA:3,1
LF:2
LH:2
BRF:0
BRH:0
end_of_record
TN:
SF:src/modules/categories/domain/category.ts
FN:25,(anonymous_0)
FN:37,(anonymous_1)
FN:41,(anonymous_2)
FN:45,(anonymous_3)
FN:49,(anonymous_4)
FN:53,(anonymous_5)
FN:57,(anonymous_6)
FN:70,(anonymous_7)
FN:78,(anonymous_8)
FN:82,(anonymous_9)
FN:86,(anonymous_10)
FN:90,(anonymous_11)
FNF:12
FNH:9
FNDA:35,(anonymous_0)
FNDA:8,(anonymous_1)
FNDA:8,(anonymous_2)
FNDA:3,(anonymous_3)
FNDA:3,(anonymous_4)
FNDA:9,(anonymous_5)
FNDA:35,(anonymous_6)
FNDA:35,(anonymous_7)
FNDA:0,(anonymous_8)
FNDA:0,(anonymous_9)
FNDA:0,(anonymous_10)
FNDA:35,(anonymous_11)
DA:1,1
DA:2,1
DA:3,1
DA:4,1
DA:24,1
DA:26,35
DA:27,35
DA:38,8
DA:42,8
DA:46,3
DA:50,3
DA:54,9
DA:58,35
DA:60,35
DA:62,35
DA:63,35
DA:64,0
DA:67,35
DA:71,35
DA:72,0
DA:75,35
DA:79,0
DA:83,0
DA:87,0
DA:91,35
DA:92,35
DA:93,35
DA:94,35
DA:96,0
LF:29
LH:23
BRDA:29,0,0,35
BRDA:29,0,1,28
BRDA:30,1,0,35
BRDA:30,1,1,0
BRDA:31,2,0,35
BRDA:31,2,1,0
BRDA:32,3,0,7
BRDA:32,3,1,28
BRDA:63,4,0,0
BRDA:71,5,0,0
BRDA:79,6,0,0
BRDA:79,6,1,0
BRDA:93,7,0,35
BRF:13
BRH:7
end_of_record
TN:
SF:src/modules/categories/domain/category.validator.ts
FN:36,(anonymous_0)
FN:49,(anonymous_1)
FN:62,buildValidationErrors
FN:66,(anonymous_3)
FNF:4
FNH:2
FNDA:35,(anonymous_0)
FNDA:35,(anonymous_1)
FNDA:0,buildValidationErrors
FNDA:0,(anonymous_3)
DA:2,1
DA:12,1
DA:15,1
DA:19,1
DA:22,1
DA:26,1
DA:29,1
DA:34,1
DA:37,35
DA:38,35
DA:39,35
DA:40,35
DA:41,35
DA:42,35
DA:46,1
DA:50,35
DA:51,35
DA:53,35
DA:54,0
DA:55,0
DA:58,35
DA:66,0
DA:67,0
DA:68,0
DA:69,0
DA:71,0
DA:72,0
DA:73,0
LF:28
LH:19
BRDA:53,0,0,0
BRDA:68,1,0,0
BRDA:68,1,1,0
BRDA:71,2,0,0
BRF:4
BRH:0
end_of_record
TN:
SF:src/modules/categories/domain/__tests__/category-faker-factory.ts
FN:10,(anonymous_0)
FN:12,(anonymous_1)
FN:17,(anonymous_2)
FN:22,(anonymous_3)
FN:26,(anonymous_4)
FN:30,(anonymous_5)
FN:31,(anonymous_6)
FN:47,(anonymous_7)
FN:52,(anonymous_8)
FN:57,(anonymous_9)
FN:62,(anonymous_10)
FN:67,(anonymous_11)
FN:72,(anonymous_12)
FN:77,(anonymous_13)
FN:82,(anonymous_14)
FNF:15
FNH:14
FNDA:28,(anonymous_0)
FNDA:33,(anonymous_1)
FNDA:19,(anonymous_2)
FNDA:15,(anonymous_3)
FNDA:4,(anonymous_4)
FNDA:19,(anonymous_5)
FNDA:35,(anonymous_6)
FNDA:3,(anonymous_7)
FNDA:3,(anonymous_8)
FNDA:3,(anonymous_9)
FNDA:2,(anonymous_10)
FNDA:0,(anonymous_11)
FNDA:1,(anonymous_12)
FNDA:1,(anonymous_13)
FNDA:210,(anonymous_14)
DA:1,1
DA:2,1
DA:6,1
DA:10,28
DA:12,33
DA:13,19
DA:15,19
DA:18,19
DA:19,19
DA:23,15
DA:27,4
DA:31,19
DA:32,35
DA:41,19
DA:42,15
DA:44,4
DA:48,3
DA:49,3
DA:53,3
DA:54,3
DA:58,3
DA:59,3
DA:63,2
DA:64,2
DA:68,0
DA:69,0
DA:73,1
DA:74,1
DA:78,1
DA:79,1
DA:83,210
LF:31
LH:29
BRDA:17,0,0,15
BRDA:26,1,0,0
BRDA:41,2,0,15
BRDA:83,3,0,81
BRDA:83,3,1,129
BRF:5
BRH:4
end_of_record
